INFO  09:17:12 Application started. Press Ctrl+C to shut down.
INFO  09:17:12 Application started. Press Ctrl+C to shut down.
INFO  09:17:13 Hosting environment: Development
INFO  09:17:13 Hosting environment: Development
INFO  09:17:13 Content root path: C:\Users\Lenovo\source\repos\Project_Simulation\BookAppointment
INFO  09:17:13 Content root path: C:\Users\Lenovo\source\repos\Project_Simulation\BookAppointment
INFO  09:17:27 Book new appointment is accessed.
INFO  09:20:21 Application started. Press Ctrl+C to shut down.
INFO  09:20:21 Application started. Press Ctrl+C to shut down.
INFO  09:20:21 Hosting environment: Development
INFO  09:20:21 Hosting environment: Development
INFO  09:20:21 Content root path: C:\Users\Lenovo\source\repos\Project_Simulation\BookAppointment
INFO  09:20:21 Content root path: C:\Users\Lenovo\source\repos\Project_Simulation\BookAppointment
INFO  09:20:38 Book new appointment is accessed.
INFO  09:24:05 Application started. Press Ctrl+C to shut down.
INFO  09:24:05 Application started. Press Ctrl+C to shut down.
INFO  09:24:05 Hosting environment: Development
INFO  09:24:05 Hosting environment: Development
INFO  09:24:05 Content root path: C:\Users\Lenovo\source\repos\Project_Simulation\BookAppointment
INFO  09:24:05 Content root path: C:\Users\Lenovo\source\repos\Project_Simulation\BookAppointment
ERROR 09:24:15 Book new appointment is accessed.
ERROR 09:24:28 Book new appointment is accessed.
ERROR 09:24:34 Book new appointment is accessed.
INFO  09:26:43 Application started. Press Ctrl+C to shut down.
INFO  09:26:43 Application started. Press Ctrl+C to shut down.
INFO  09:26:43 Hosting environment: Development
INFO  09:26:43 Hosting environment: Development
INFO  09:26:43 Content root path: C:\Users\Lenovo\source\repos\Project_Simulation\BookAppointment
INFO  09:26:43 Content root path: C:\Users\Lenovo\source\repos\Project_Simulation\BookAppointment
INFO  09:32:27 Application started. Press Ctrl+C to shut down.
INFO  09:32:27 Application started. Press Ctrl+C to shut down.
INFO  09:32:27 Hosting environment: Development
INFO  09:32:27 Hosting environment: Development
INFO  09:32:27 Content root path: C:\Users\Lenovo\source\repos\Project_Simulation\BookAppointment
INFO  09:32:27 Content root path: C:\Users\Lenovo\source\repos\Project_Simulation\BookAppointment
ERROR 09:32:29 Connection ID "18086456113720459309", Request ID "8000002e-0002-fb00-b63f-84710c7967bb": An unhandled exception was thrown by the application.
Swashbuckle.AspNetCore.SwaggerGen.SwaggerGeneratorException: Ambiguous HTTP method for action - BookAppointment.Controllers.BookTestController.Get (BookAppointment). Actions require an explicit HttpMethod binding for Swagger/OpenAPI 3.0
   at Swashbuckle.AspNetCore.SwaggerGen.SwaggerGenerator.GenerateOperations(IEnumerable`1 apiDescriptions, SchemaRepository schemaRepository)
   at Swashbuckle.AspNetCore.SwaggerGen.SwaggerGenerator.GeneratePaths(IEnumerable`1 apiDescriptions, SchemaRepository schemaRepository)
   at Swashbuckle.AspNetCore.SwaggerGen.SwaggerGenerator.GetSwagger(String documentName, String host, String basePath)
   at Swashbuckle.AspNetCore.Swagger.SwaggerMiddleware.Invoke(HttpContext httpContext, ISwaggerProvider swaggerProvider)
   at Microsoft.AspNetCore.Server.IIS.Core.IISHttpContextOfT`1.ProcessRequestAsync()
ERROR 09:32:29 Connection ID "18086456113720459309", Request ID "8000002e-0002-fb00-b63f-84710c7967bb": An unhandled exception was thrown by the application.
Swashbuckle.AspNetCore.SwaggerGen.SwaggerGeneratorException: Ambiguous HTTP method for action - BookAppointment.Controllers.BookTestController.Get (BookAppointment). Actions require an explicit HttpMethod binding for Swagger/OpenAPI 3.0
   at Swashbuckle.AspNetCore.SwaggerGen.SwaggerGenerator.GenerateOperations(IEnumerable`1 apiDescriptions, SchemaRepository schemaRepository)
   at Swashbuckle.AspNetCore.SwaggerGen.SwaggerGenerator.GeneratePaths(IEnumerable`1 apiDescriptions, SchemaRepository schemaRepository)
   at Swashbuckle.AspNetCore.SwaggerGen.SwaggerGenerator.GetSwagger(String documentName, String host, String basePath)
   at Swashbuckle.AspNetCore.Swagger.SwaggerMiddleware.Invoke(HttpContext httpContext, ISwaggerProvider swaggerProvider)
   at Microsoft.AspNetCore.Server.IIS.Core.IISHttpContextOfT`1.ProcessRequestAsync()
INFO  09:51:09 Application started. Press Ctrl+C to shut down.
INFO  09:51:09 Application started. Press Ctrl+C to shut down.
INFO  09:51:09 Hosting environment: Development
INFO  09:51:09 Hosting environment: Development
INFO  09:51:09 Content root path: C:\Users\Lenovo\source\repos\Project_Simulation\BookAppointment
INFO  09:51:09 Content root path: C:\Users\Lenovo\source\repos\Project_Simulation\BookAppointment
ERROR 09:51:11 Connection ID "18230571293206380569", Request ID "8000001a-0000-fd00-b63f-84710c7967bb": An unhandled exception was thrown by the application.
Swashbuckle.AspNetCore.SwaggerGen.SwaggerGeneratorException: Ambiguous HTTP method for action - BookAppointment.Controllers.BookTestController.Get (BookAppointment). Actions require an explicit HttpMethod binding for Swagger/OpenAPI 3.0
   at Swashbuckle.AspNetCore.SwaggerGen.SwaggerGenerator.GenerateOperations(IEnumerable`1 apiDescriptions, SchemaRepository schemaRepository)
   at Swashbuckle.AspNetCore.SwaggerGen.SwaggerGenerator.GeneratePaths(IEnumerable`1 apiDescriptions, SchemaRepository schemaRepository)
   at Swashbuckle.AspNetCore.SwaggerGen.SwaggerGenerator.GetSwagger(String documentName, String host, String basePath)
   at Swashbuckle.AspNetCore.Swagger.SwaggerMiddleware.Invoke(HttpContext httpContext, ISwaggerProvider swaggerProvider)
   at Microsoft.AspNetCore.Server.IIS.Core.IISHttpContextOfT`1.ProcessRequestAsync()
ERROR 09:51:11 Connection ID "18230571293206380569", Request ID "8000001a-0000-fd00-b63f-84710c7967bb": An unhandled exception was thrown by the application.
Swashbuckle.AspNetCore.SwaggerGen.SwaggerGeneratorException: Ambiguous HTTP method for action - BookAppointment.Controllers.BookTestController.Get (BookAppointment). Actions require an explicit HttpMethod binding for Swagger/OpenAPI 3.0
   at Swashbuckle.AspNetCore.SwaggerGen.SwaggerGenerator.GenerateOperations(IEnumerable`1 apiDescriptions, SchemaRepository schemaRepository)
   at Swashbuckle.AspNetCore.SwaggerGen.SwaggerGenerator.GeneratePaths(IEnumerable`1 apiDescriptions, SchemaRepository schemaRepository)
   at Swashbuckle.AspNetCore.SwaggerGen.SwaggerGenerator.GetSwagger(String documentName, String host, String basePath)
   at Swashbuckle.AspNetCore.Swagger.SwaggerMiddleware.Invoke(HttpContext httpContext, ISwaggerProvider swaggerProvider)
   at Microsoft.AspNetCore.Server.IIS.Core.IISHttpContextOfT`1.ProcessRequestAsync()
INFO  09:58:56 Application started. Press Ctrl+C to shut down.
INFO  09:58:56 Application started. Press Ctrl+C to shut down.
INFO  09:58:56 Hosting environment: Development
INFO  09:58:56 Hosting environment: Development
INFO  09:58:56 Content root path: C:\Users\Lenovo\source\repos\Project_Simulation\BookAppointment
INFO  09:58:56 Content root path: C:\Users\Lenovo\source\repos\Project_Simulation\BookAppointment
ERROR 09:58:57 Connection ID "18374686494167138340", Request ID "80000025-0003-ff00-b63f-84710c7967bb": An unhandled exception was thrown by the application.
Swashbuckle.AspNetCore.SwaggerGen.SwaggerGeneratorException: Ambiguous HTTP method for action - BookAppointment.Controllers.BookTestController.Get (BookAppointment). Actions require an explicit HttpMethod binding for Swagger/OpenAPI 3.0
   at Swashbuckle.AspNetCore.SwaggerGen.SwaggerGenerator.GenerateOperations(IEnumerable`1 apiDescriptions, SchemaRepository schemaRepository)
   at Swashbuckle.AspNetCore.SwaggerGen.SwaggerGenerator.GeneratePaths(IEnumerable`1 apiDescriptions, SchemaRepository schemaRepository)
   at Swashbuckle.AspNetCore.SwaggerGen.SwaggerGenerator.GetSwagger(String documentName, String host, String basePath)
   at Swashbuckle.AspNetCore.Swagger.SwaggerMiddleware.Invoke(HttpContext httpContext, ISwaggerProvider swaggerProvider)
   at Microsoft.AspNetCore.Server.IIS.Core.IISHttpContextOfT`1.ProcessRequestAsync()
ERROR 09:58:57 Connection ID "18374686494167138340", Request ID "80000025-0003-ff00-b63f-84710c7967bb": An unhandled exception was thrown by the application.
Swashbuckle.AspNetCore.SwaggerGen.SwaggerGeneratorException: Ambiguous HTTP method for action - BookAppointment.Controllers.BookTestController.Get (BookAppointment). Actions require an explicit HttpMethod binding for Swagger/OpenAPI 3.0
   at Swashbuckle.AspNetCore.SwaggerGen.SwaggerGenerator.GenerateOperations(IEnumerable`1 apiDescriptions, SchemaRepository schemaRepository)
   at Swashbuckle.AspNetCore.SwaggerGen.SwaggerGenerator.GeneratePaths(IEnumerable`1 apiDescriptions, SchemaRepository schemaRepository)
   at Swashbuckle.AspNetCore.SwaggerGen.SwaggerGenerator.GetSwagger(String documentName, String host, String basePath)
   at Swashbuckle.AspNetCore.Swagger.SwaggerMiddleware.Invoke(HttpContext httpContext, ISwaggerProvider swaggerProvider)
   at Microsoft.AspNetCore.Server.IIS.Core.IISHttpContextOfT`1.ProcessRequestAsync()
INFO  10:02:21 Application started. Press Ctrl+C to shut down.
INFO  10:02:21 Application started. Press Ctrl+C to shut down.
INFO  10:02:21 Hosting environment: Development
INFO  10:02:21 Hosting environment: Development
INFO  10:02:21 Content root path: C:\Users\Lenovo\source\repos\Project_Simulation\BookAppointment
INFO  10:02:21 Content root path: C:\Users\Lenovo\source\repos\Project_Simulation\BookAppointment
ERROR 10:02:23 Connection ID "18302628891539275849", Request ID "8000004a-0001-fe00-b63f-84710c7967bb": An unhandled exception was thrown by the application.
Swashbuckle.AspNetCore.SwaggerGen.SwaggerGeneratorException: Ambiguous HTTP method for action - BookAppointment.Controllers.BookTestController.Get (BookAppointment). Actions require an explicit HttpMethod binding for Swagger/OpenAPI 3.0
   at Swashbuckle.AspNetCore.SwaggerGen.SwaggerGenerator.GenerateOperations(IEnumerable`1 apiDescriptions, SchemaRepository schemaRepository)
   at Swashbuckle.AspNetCore.SwaggerGen.SwaggerGenerator.GeneratePaths(IEnumerable`1 apiDescriptions, SchemaRepository schemaRepository)
   at Swashbuckle.AspNetCore.SwaggerGen.SwaggerGenerator.GetSwagger(String documentName, String host, String basePath)
   at Swashbuckle.AspNetCore.Swagger.SwaggerMiddleware.Invoke(HttpContext httpContext, ISwaggerProvider swaggerProvider)
   at Microsoft.AspNetCore.Server.IIS.Core.IISHttpContextOfT`1.ProcessRequestAsync()
ERROR 10:02:23 Connection ID "18302628891539275849", Request ID "8000004a-0001-fe00-b63f-84710c7967bb": An unhandled exception was thrown by the application.
Swashbuckle.AspNetCore.SwaggerGen.SwaggerGeneratorException: Ambiguous HTTP method for action - BookAppointment.Controllers.BookTestController.Get (BookAppointment). Actions require an explicit HttpMethod binding for Swagger/OpenAPI 3.0
   at Swashbuckle.AspNetCore.SwaggerGen.SwaggerGenerator.GenerateOperations(IEnumerable`1 apiDescriptions, SchemaRepository schemaRepository)
   at Swashbuckle.AspNetCore.SwaggerGen.SwaggerGenerator.GeneratePaths(IEnumerable`1 apiDescriptions, SchemaRepository schemaRepository)
   at Swashbuckle.AspNetCore.SwaggerGen.SwaggerGenerator.GetSwagger(String documentName, String host, String basePath)
   at Swashbuckle.AspNetCore.Swagger.SwaggerMiddleware.Invoke(HttpContext httpContext, ISwaggerProvider swaggerProvider)
   at Microsoft.AspNetCore.Server.IIS.Core.IISHttpContextOfT`1.ProcessRequestAsync()
INFO  10:04:24 Application started. Press Ctrl+C to shut down.
INFO  10:04:24 Application started. Press Ctrl+C to shut down.
INFO  10:04:24 Hosting environment: Development
INFO  10:04:24 Hosting environment: Development
INFO  10:04:24 Content root path: C:\Users\Lenovo\source\repos\Project_Simulation\BookAppointment
INFO  10:04:24 Content root path: C:\Users\Lenovo\source\repos\Project_Simulation\BookAppointment
ERROR 10:04:26 Connection ID "18302628891539275851", Request ID "8000004c-0001-fe00-b63f-84710c7967bb": An unhandled exception was thrown by the application.
Swashbuckle.AspNetCore.SwaggerGen.SwaggerGeneratorException: Ambiguous HTTP method for action - BookAppointment.Controllers.BookTestController.Get (BookAppointment). Actions require an explicit HttpMethod binding for Swagger/OpenAPI 3.0
   at Swashbuckle.AspNetCore.SwaggerGen.SwaggerGenerator.GenerateOperations(IEnumerable`1 apiDescriptions, SchemaRepository schemaRepository)
   at Swashbuckle.AspNetCore.SwaggerGen.SwaggerGenerator.GeneratePaths(IEnumerable`1 apiDescriptions, SchemaRepository schemaRepository)
   at Swashbuckle.AspNetCore.SwaggerGen.SwaggerGenerator.GetSwagger(String documentName, String host, String basePath)
   at Swashbuckle.AspNetCore.Swagger.SwaggerMiddleware.Invoke(HttpContext httpContext, ISwaggerProvider swaggerProvider)
   at Microsoft.AspNetCore.Server.IIS.Core.IISHttpContextOfT`1.ProcessRequestAsync()
ERROR 10:04:26 Connection ID "18302628891539275851", Request ID "8000004c-0001-fe00-b63f-84710c7967bb": An unhandled exception was thrown by the application.
Swashbuckle.AspNetCore.SwaggerGen.SwaggerGeneratorException: Ambiguous HTTP method for action - BookAppointment.Controllers.BookTestController.Get (BookAppointment). Actions require an explicit HttpMethod binding for Swagger/OpenAPI 3.0
   at Swashbuckle.AspNetCore.SwaggerGen.SwaggerGenerator.GenerateOperations(IEnumerable`1 apiDescriptions, SchemaRepository schemaRepository)
   at Swashbuckle.AspNetCore.SwaggerGen.SwaggerGenerator.GeneratePaths(IEnumerable`1 apiDescriptions, SchemaRepository schemaRepository)
   at Swashbuckle.AspNetCore.SwaggerGen.SwaggerGenerator.GetSwagger(String documentName, String host, String basePath)
   at Swashbuckle.AspNetCore.Swagger.SwaggerMiddleware.Invoke(HttpContext httpContext, ISwaggerProvider swaggerProvider)
   at Microsoft.AspNetCore.Server.IIS.Core.IISHttpContextOfT`1.ProcessRequestAsync()
INFO  10:06:16 Application started. Press Ctrl+C to shut down.
INFO  10:06:16 Application started. Press Ctrl+C to shut down.
INFO  10:06:16 Hosting environment: Development
INFO  10:06:16 Hosting environment: Development
INFO  10:06:16 Content root path: C:\Users\Lenovo\source\repos\Project_Simulation\BookAppointment
INFO  10:06:16 Content root path: C:\Users\Lenovo\source\repos\Project_Simulation\BookAppointment
INFO  10:06:21 Get All Appointments is accessed
ERROR 10:06:47 Connection ID "18302628887244308543", Request ID "80000040-0000-fe00-b63f-84710c7967bb": An unhandled exception was thrown by the application.
Swashbuckle.AspNetCore.SwaggerGen.SwaggerGeneratorException: Ambiguous HTTP method for action - BookAppointment.Controllers.BookTestController.Get (BookAppointment). Actions require an explicit HttpMethod binding for Swagger/OpenAPI 3.0
   at Swashbuckle.AspNetCore.SwaggerGen.SwaggerGenerator.GenerateOperations(IEnumerable`1 apiDescriptions, SchemaRepository schemaRepository)
   at Swashbuckle.AspNetCore.SwaggerGen.SwaggerGenerator.GeneratePaths(IEnumerable`1 apiDescriptions, SchemaRepository schemaRepository)
   at Swashbuckle.AspNetCore.SwaggerGen.SwaggerGenerator.GetSwagger(String documentName, String host, String basePath)
   at Swashbuckle.AspNetCore.Swagger.SwaggerMiddleware.Invoke(HttpContext httpContext, ISwaggerProvider swaggerProvider)
   at Microsoft.AspNetCore.Server.IIS.Core.IISHttpContextOfT`1.ProcessRequestAsync()
ERROR 10:06:47 Connection ID "18302628887244308543", Request ID "80000040-0000-fe00-b63f-84710c7967bb": An unhandled exception was thrown by the application.
Swashbuckle.AspNetCore.SwaggerGen.SwaggerGeneratorException: Ambiguous HTTP method for action - BookAppointment.Controllers.BookTestController.Get (BookAppointment). Actions require an explicit HttpMethod binding for Swagger/OpenAPI 3.0
   at Swashbuckle.AspNetCore.SwaggerGen.SwaggerGenerator.GenerateOperations(IEnumerable`1 apiDescriptions, SchemaRepository schemaRepository)
   at Swashbuckle.AspNetCore.SwaggerGen.SwaggerGenerator.GeneratePaths(IEnumerable`1 apiDescriptions, SchemaRepository schemaRepository)
   at Swashbuckle.AspNetCore.SwaggerGen.SwaggerGenerator.GetSwagger(String documentName, String host, String basePath)
   at Swashbuckle.AspNetCore.Swagger.SwaggerMiddleware.Invoke(HttpContext httpContext, ISwaggerProvider swaggerProvider)
   at Microsoft.AspNetCore.Server.IIS.Core.IISHttpContextOfT`1.ProcessRequestAsync()
ERROR 10:06:58 Connection ID "18086456113720459319", Request ID "80000038-0002-fb00-b63f-84710c7967bb": An unhandled exception was thrown by the application.
Swashbuckle.AspNetCore.SwaggerGen.SwaggerGeneratorException: Ambiguous HTTP method for action - BookAppointment.Controllers.BookTestController.Get (BookAppointment). Actions require an explicit HttpMethod binding for Swagger/OpenAPI 3.0
   at Swashbuckle.AspNetCore.SwaggerGen.SwaggerGenerator.GenerateOperations(IEnumerable`1 apiDescriptions, SchemaRepository schemaRepository)
   at Swashbuckle.AspNetCore.SwaggerGen.SwaggerGenerator.GeneratePaths(IEnumerable`1 apiDescriptions, SchemaRepository schemaRepository)
   at Swashbuckle.AspNetCore.SwaggerGen.SwaggerGenerator.GetSwagger(String documentName, String host, String basePath)
   at Swashbuckle.AspNetCore.Swagger.SwaggerMiddleware.Invoke(HttpContext httpContext, ISwaggerProvider swaggerProvider)
   at Microsoft.AspNetCore.Server.IIS.Core.IISHttpContextOfT`1.ProcessRequestAsync()
ERROR 10:06:58 Connection ID "18086456113720459319", Request ID "80000038-0002-fb00-b63f-84710c7967bb": An unhandled exception was thrown by the application.
Swashbuckle.AspNetCore.SwaggerGen.SwaggerGeneratorException: Ambiguous HTTP method for action - BookAppointment.Controllers.BookTestController.Get (BookAppointment). Actions require an explicit HttpMethod binding for Swagger/OpenAPI 3.0
   at Swashbuckle.AspNetCore.SwaggerGen.SwaggerGenerator.GenerateOperations(IEnumerable`1 apiDescriptions, SchemaRepository schemaRepository)
   at Swashbuckle.AspNetCore.SwaggerGen.SwaggerGenerator.GeneratePaths(IEnumerable`1 apiDescriptions, SchemaRepository schemaRepository)
   at Swashbuckle.AspNetCore.SwaggerGen.SwaggerGenerator.GetSwagger(String documentName, String host, String basePath)
   at Swashbuckle.AspNetCore.Swagger.SwaggerMiddleware.Invoke(HttpContext httpContext, ISwaggerProvider swaggerProvider)
   at Microsoft.AspNetCore.Server.IIS.Core.IISHttpContextOfT`1.ProcessRequestAsync()
INFO  10:08:40 Application started. Press Ctrl+C to shut down.
INFO  10:08:40 Application started. Press Ctrl+C to shut down.
INFO  10:08:40 Hosting environment: Development
INFO  10:08:40 Hosting environment: Development
INFO  10:08:40 Content root path: C:\Users\Lenovo\source\repos\Project_Simulation\BookAppointment
INFO  10:08:40 Content root path: C:\Users\Lenovo\source\repos\Project_Simulation\BookAppointment
ERROR 10:08:41 Connection ID "18374686485577203746", Request ID "80000023-0001-ff00-b63f-84710c7967bb": An unhandled exception was thrown by the application.
Swashbuckle.AspNetCore.SwaggerGen.SwaggerGeneratorException: Ambiguous HTTP method for action - BookAppointment.Controllers.BookTestController.Get (BookAppointment). Actions require an explicit HttpMethod binding for Swagger/OpenAPI 3.0
   at Swashbuckle.AspNetCore.SwaggerGen.SwaggerGenerator.GenerateOperations(IEnumerable`1 apiDescriptions, SchemaRepository schemaRepository)
   at Swashbuckle.AspNetCore.SwaggerGen.SwaggerGenerator.GeneratePaths(IEnumerable`1 apiDescriptions, SchemaRepository schemaRepository)
   at Swashbuckle.AspNetCore.SwaggerGen.SwaggerGenerator.GetSwagger(String documentName, String host, String basePath)
   at Swashbuckle.AspNetCore.Swagger.SwaggerMiddleware.Invoke(HttpContext httpContext, ISwaggerProvider swaggerProvider)
   at Microsoft.AspNetCore.Server.IIS.Core.IISHttpContextOfT`1.ProcessRequestAsync()
ERROR 10:08:41 Connection ID "18374686485577203746", Request ID "80000023-0001-ff00-b63f-84710c7967bb": An unhandled exception was thrown by the application.
Swashbuckle.AspNetCore.SwaggerGen.SwaggerGeneratorException: Ambiguous HTTP method for action - BookAppointment.Controllers.BookTestController.Get (BookAppointment). Actions require an explicit HttpMethod binding for Swagger/OpenAPI 3.0
   at Swashbuckle.AspNetCore.SwaggerGen.SwaggerGenerator.GenerateOperations(IEnumerable`1 apiDescriptions, SchemaRepository schemaRepository)
   at Swashbuckle.AspNetCore.SwaggerGen.SwaggerGenerator.GeneratePaths(IEnumerable`1 apiDescriptions, SchemaRepository schemaRepository)
   at Swashbuckle.AspNetCore.SwaggerGen.SwaggerGenerator.GetSwagger(String documentName, String host, String basePath)
   at Swashbuckle.AspNetCore.Swagger.SwaggerMiddleware.Invoke(HttpContext httpContext, ISwaggerProvider swaggerProvider)
   at Microsoft.AspNetCore.Server.IIS.Core.IISHttpContextOfT`1.ProcessRequestAsync()
ERROR 10:09:02 Connection ID "18374686485577203750", Request ID "80000027-0001-ff00-b63f-84710c7967bb": An unhandled exception was thrown by the application.
Swashbuckle.AspNetCore.SwaggerGen.SwaggerGeneratorException: Ambiguous HTTP method for action - BookAppointment.Controllers.BookTestController.Get (BookAppointment). Actions require an explicit HttpMethod binding for Swagger/OpenAPI 3.0
   at Swashbuckle.AspNetCore.SwaggerGen.SwaggerGenerator.GenerateOperations(IEnumerable`1 apiDescriptions, SchemaRepository schemaRepository)
   at Swashbuckle.AspNetCore.SwaggerGen.SwaggerGenerator.GeneratePaths(IEnumerable`1 apiDescriptions, SchemaRepository schemaRepository)
   at Swashbuckle.AspNetCore.SwaggerGen.SwaggerGenerator.GetSwagger(String documentName, String host, String basePath)
   at Swashbuckle.AspNetCore.Swagger.SwaggerMiddleware.Invoke(HttpContext httpContext, ISwaggerProvider swaggerProvider)
   at Microsoft.AspNetCore.Server.IIS.Core.IISHttpContextOfT`1.ProcessRequestAsync()
ERROR 10:09:02 Connection ID "18374686485577203750", Request ID "80000027-0001-ff00-b63f-84710c7967bb": An unhandled exception was thrown by the application.
Swashbuckle.AspNetCore.SwaggerGen.SwaggerGeneratorException: Ambiguous HTTP method for action - BookAppointment.Controllers.BookTestController.Get (BookAppointment). Actions require an explicit HttpMethod binding for Swagger/OpenAPI 3.0
   at Swashbuckle.AspNetCore.SwaggerGen.SwaggerGenerator.GenerateOperations(IEnumerable`1 apiDescriptions, SchemaRepository schemaRepository)
   at Swashbuckle.AspNetCore.SwaggerGen.SwaggerGenerator.GeneratePaths(IEnumerable`1 apiDescriptions, SchemaRepository schemaRepository)
   at Swashbuckle.AspNetCore.SwaggerGen.SwaggerGenerator.GetSwagger(String documentName, String host, String basePath)
   at Swashbuckle.AspNetCore.Swagger.SwaggerMiddleware.Invoke(HttpContext httpContext, ISwaggerProvider swaggerProvider)
   at Microsoft.AspNetCore.Server.IIS.Core.IISHttpContextOfT`1.ProcessRequestAsync()
INFO  10:13:22 Application started. Press Ctrl+C to shut down.
INFO  10:13:22 Application started. Press Ctrl+C to shut down.
INFO  10:13:22 Hosting environment: Development
INFO  10:13:22 Hosting environment: Development
INFO  10:13:22 Content root path: C:\Users\Lenovo\source\repos\Project_Simulation\BookAppointment
INFO  10:13:22 Content root path: C:\Users\Lenovo\source\repos\Project_Simulation\BookAppointment
ERROR 10:13:23 Connection ID "18230571306091282451", Request ID "80000014-0003-fd00-b63f-84710c7967bb": An unhandled exception was thrown by the application.
Swashbuckle.AspNetCore.SwaggerGen.SwaggerGeneratorException: Ambiguous HTTP method for action - BookAppointment.Controllers.BookTestController.Get (BookAppointment). Actions require an explicit HttpMethod binding for Swagger/OpenAPI 3.0
   at Swashbuckle.AspNetCore.SwaggerGen.SwaggerGenerator.GenerateOperations(IEnumerable`1 apiDescriptions, SchemaRepository schemaRepository)
   at Swashbuckle.AspNetCore.SwaggerGen.SwaggerGenerator.GeneratePaths(IEnumerable`1 apiDescriptions, SchemaRepository schemaRepository)
   at Swashbuckle.AspNetCore.SwaggerGen.SwaggerGenerator.GetSwagger(String documentName, String host, String basePath)
   at Swashbuckle.AspNetCore.Swagger.SwaggerMiddleware.Invoke(HttpContext httpContext, ISwaggerProvider swaggerProvider)
   at Microsoft.AspNetCore.Server.IIS.Core.IISHttpContextOfT`1.ProcessRequestAsync()
ERROR 10:13:23 Connection ID "18230571306091282451", Request ID "80000014-0003-fd00-b63f-84710c7967bb": An unhandled exception was thrown by the application.
Swashbuckle.AspNetCore.SwaggerGen.SwaggerGeneratorException: Ambiguous HTTP method for action - BookAppointment.Controllers.BookTestController.Get (BookAppointment). Actions require an explicit HttpMethod binding for Swagger/OpenAPI 3.0
   at Swashbuckle.AspNetCore.SwaggerGen.SwaggerGenerator.GenerateOperations(IEnumerable`1 apiDescriptions, SchemaRepository schemaRepository)
   at Swashbuckle.AspNetCore.SwaggerGen.SwaggerGenerator.GeneratePaths(IEnumerable`1 apiDescriptions, SchemaRepository schemaRepository)
   at Swashbuckle.AspNetCore.SwaggerGen.SwaggerGenerator.GetSwagger(String documentName, String host, String basePath)
   at Swashbuckle.AspNetCore.Swagger.SwaggerMiddleware.Invoke(HttpContext httpContext, ISwaggerProvider swaggerProvider)
   at Microsoft.AspNetCore.Server.IIS.Core.IISHttpContextOfT`1.ProcessRequestAsync()
INFO  10:15:19 Application started. Press Ctrl+C to shut down.
INFO  10:15:19 Application started. Press Ctrl+C to shut down.
INFO  10:15:19 Hosting environment: Development
INFO  10:15:19 Hosting environment: Development
INFO  10:15:19 Content root path: C:\Users\Lenovo\source\repos\Project_Simulation\BookAppointment
INFO  10:15:19 Content root path: C:\Users\Lenovo\source\repos\Project_Simulation\BookAppointment
INFO  10:17:46 Application started. Press Ctrl+C to shut down.
INFO  10:17:46 Application started. Press Ctrl+C to shut down.
INFO  10:17:46 Hosting environment: Development
INFO  10:17:46 Hosting environment: Development
INFO  10:17:46 Content root path: C:\Users\Lenovo\source\repos\Project_Simulation\BookAppointment
INFO  10:17:46 Content root path: C:\Users\Lenovo\source\repos\Project_Simulation\BookAppointment
ERROR 10:17:47 An unhandled exception has occurred while executing the request.
Swashbuckle.AspNetCore.SwaggerGen.SwaggerGeneratorException: Ambiguous HTTP method for action - BookAppointment.Controllers.BookTestController.Get (BookAppointment). Actions require an explicit HttpMethod binding for Swagger/OpenAPI 3.0
   at Swashbuckle.AspNetCore.SwaggerGen.SwaggerGenerator.GenerateOperations(IEnumerable`1 apiDescriptions, SchemaRepository schemaRepository)
   at Swashbuckle.AspNetCore.SwaggerGen.SwaggerGenerator.GeneratePaths(IEnumerable`1 apiDescriptions, SchemaRepository schemaRepository)
   at Swashbuckle.AspNetCore.SwaggerGen.SwaggerGenerator.GetSwagger(String documentName, String host, String basePath)
   at Swashbuckle.AspNetCore.Swagger.SwaggerMiddleware.Invoke(HttpContext httpContext, ISwaggerProvider swaggerProvider)
   at Microsoft.AspNetCore.Diagnostics.DeveloperExceptionPageMiddleware.Invoke(HttpContext context)
ERROR 10:17:47 An unhandled exception has occurred while executing the request.
Swashbuckle.AspNetCore.SwaggerGen.SwaggerGeneratorException: Ambiguous HTTP method for action - BookAppointment.Controllers.BookTestController.Get (BookAppointment). Actions require an explicit HttpMethod binding for Swagger/OpenAPI 3.0
   at Swashbuckle.AspNetCore.SwaggerGen.SwaggerGenerator.GenerateOperations(IEnumerable`1 apiDescriptions, SchemaRepository schemaRepository)
   at Swashbuckle.AspNetCore.SwaggerGen.SwaggerGenerator.GeneratePaths(IEnumerable`1 apiDescriptions, SchemaRepository schemaRepository)
   at Swashbuckle.AspNetCore.SwaggerGen.SwaggerGenerator.GetSwagger(String documentName, String host, String basePath)
   at Swashbuckle.AspNetCore.Swagger.SwaggerMiddleware.Invoke(HttpContext httpContext, ISwaggerProvider swaggerProvider)
   at Microsoft.AspNetCore.Diagnostics.DeveloperExceptionPageMiddleware.Invoke(HttpContext context)
INFO  10:19:15 Application started. Press Ctrl+C to shut down.
INFO  10:19:15 Application started. Press Ctrl+C to shut down.
INFO  10:19:15 Hosting environment: Development
INFO  10:19:15 Hosting environment: Development
INFO  10:19:15 Content root path: C:\Users\Lenovo\source\repos\Project_Simulation\BookAppointment
INFO  10:19:15 Content root path: C:\Users\Lenovo\source\repos\Project_Simulation\BookAppointment
INFO  10:19:49 Get All Appointments is accessed
INFO  10:19:55 Get All Appointments is accessed
ERROR 10:20:45 Book new appointment is accessed.
INFO  10:20:56 Get All Appointments is accessed
INFO  08:58:51 Application started. Press Ctrl+C to shut down.
INFO  08:58:51 Application started. Press Ctrl+C to shut down.
INFO  08:58:51 Hosting environment: Development
INFO  08:58:51 Hosting environment: Development
INFO  08:58:51 Content root path: C:\Users\Lenovo\source\repos\Project_Simulation\BookAppointment
INFO  08:58:51 Content root path: C:\Users\Lenovo\source\repos\Project_Simulation\BookAppointment
INFO  08:58:58 Get All Appointments is accessed
ERROR 08:59:28 Book new appointment is accessed.
ERROR 08:59:30 Book new appointment is accessed.
INFO  09:08:59 Application started. Press Ctrl+C to shut down.
INFO  09:08:59 Application started. Press Ctrl+C to shut down.
INFO  09:08:59 Hosting environment: Development
INFO  09:08:59 Hosting environment: Development
INFO  09:08:59 Content root path: C:\Users\Lenovo\source\repos\Project_Simulation\BookAppointment
INFO  09:08:59 Content root path: C:\Users\Lenovo\source\repos\Project_Simulation\BookAppointment
INFO  02:59:14 Application started. Press Ctrl+C to shut down.
INFO  02:59:14 Application started. Press Ctrl+C to shut down.
INFO  02:59:14 Hosting environment: Development
INFO  02:59:14 Hosting environment: Development
INFO  02:59:14 Content root path: C:\Users\Lenovo\source\repos\Project_Simulation\BookAppointment
INFO  02:59:14 Content root path: C:\Users\Lenovo\source\repos\Project_Simulation\BookAppointment
INFO  02:59:23 Get All Appointments is accessed
ERROR 02:59:42 Book new appointment is accessed.
INFO  02:59:44 Ërror in booking for ID: 0
ERROR 02:59:44 Model state not valid. Check what you have entered
ERROR 02:59:47 Book new appointment is accessed.
INFO  02:59:47 Ërror in booking for ID: 0
ERROR 02:59:47 Model state not valid. Check what you have entered
